-------------------------------------------------------------------------------
Test set: com.Amar.SpringCrudApplicationTests
-------------------------------------------------------------------------------
Tests run: 1, Failures: 0, Errors: 1, Skipped: 0, Time elapsed: 6.91 s <<< FAILURE! - in com.Amar.SpringCrudApplicationTests
contextLoads(com.Amar.SpringCrudApplicationTests)  Time elapsed: 0.001 s  <<< ERROR!
java.lang.IllegalStateException: Failed to load ApplicationContext
Caused by: org.springframework.beans.factory.BeanCreationException: Error creating bean with name 'entityManagerFactory' defined in class path resource [org/springframework/boot/autoconfigure/orm/jpa/HibernateJpaConfiguration.class]: Invocation of init method failed; nested exception is javax.persistence.PersistenceException: [PersistenceUnit: default] Unable to build Hibernate SessionFactory; nested exception is org.hibernate.exception.GenericJDBCException: Unable to open JDBC Connection for DDL execution
Caused by: javax.persistence.PersistenceException: [PersistenceUnit: default] Unable to build Hibernate SessionFactory; nested exception is org.hibernate.exception.GenericJDBCException: Unable to open JDBC Connection for DDL execution
Caused by: org.hibernate.exception.GenericJDBCException: Unable to open JDBC Connection for DDL execution
Caused by: java.sql.SQLException: The connection property 'useSSL' acceptable values are: 'TRUE', 'FALSE', 'YES' or 'NO'. The value '' is not acceptable.
Caused by: com.mysql.cj.exceptions.WrongArgumentException: The connection property 'useSSL' acceptable values are: 'TRUE', 'FALSE', 'YES' or 'NO'. The value '' is not acceptable.
Caused by: com.mysql.cj.exceptions.CJException: The connection property 'useSSL' acceptable values are: 'TRUE', 'FALSE', 'YES' or 'NO'. The value '' is not acceptable.
Caused by: java.lang.IllegalArgumentException: No enum constant com.mysql.cj.conf.BooleanPropertyDefinition.AllowableValues.

